<?xml version="1.0" encoding="UTF-8" ?>
<testsuite tests="45" failures="0" name="br.edu.sr.ifes.bdd.teste.BDDTest" time="0.008" errors="0" skipped="0">
  <properties>
[...]
</properties>
  <testcase classname="| 1000\u002C00 | 0 | 0\u002C00 | 80\u002C00 | 0\u002C00 |" name="Dado Eu recebo R$ 1000\u002C00 de salario" time="0.001"/>
  <testcase classname="| 1000\u002C00 | 0 | 0\u002C00 | 80\u002C00 | 0\u002C00 |" name="E Eu possuo 0 dependente" time="0"/>
  <testcase classname="| 1000\u002C00 | 0 | 0\u002C00 | 80\u002C00 | 0\u002C00 |" name="E Eu pago R$ 0\u002C00 de pensao" time="0"/>
  <testcase classname="| 1000\u002C00 | 0 | 0\u002C00 | 80\u002C00 | 0\u002C00 |" name="Entao Eu devo pagar  R$ 80\u002C00 de INSS" time="0"/>
  <testcase classname="| 1000\u002C00 | 0 | 0\u002C00 | 80\u002C00 | 0\u002C00 |" name="E Eu devo pagar R$ 0\u002C00 de IRPF" time="0"/>
  <testcase classname="| 1000\u002C00 | 0 | 0\u002C00 | 80\u002C00 | 0\u002C00 |" name="| 1000\u002C00 | 0 | 0\u002C00 | 80\u002C00 | 0\u002C00 |" time="0"/>
  <testcase classname="| 2500\u002C00 | 0 | 0\u002C00 | 275\u002C00 | 24\u002C08 |" name="Dado Eu recebo R$ 2500\u002C00 de salario" time="0"/>
  <testcase classname="| 2500\u002C00 | 0 | 0\u002C00 | 275\u002C00 | 24\u002C08 |" name="E Eu possuo 0 dependente" time="0"/>
  <testcase classname="| 2500\u002C00 | 0 | 0\u002C00 | 275\u002C00 | 24\u002C08 |" name="E Eu pago R$ 0\u002C00 de pensao" time="0.003"/>
  <testcase classname="| 2500\u002C00 | 0 | 0\u002C00 | 275\u002C00 | 24\u002C08 |" name="Entao Eu devo pagar  R$ 275\u002C00 de INSS" time="0"/>
  <testcase classname="| 2500\u002C00 | 0 | 0\u002C00 | 275\u002C00 | 24\u002C08 |" name="E Eu devo pagar R$ 24\u002C08 de IRPF" time="0"/>
  <testcase classname="| 2500\u002C00 | 0 | 0\u002C00 | 275\u002C00 | 24\u002C08 |" name="| 2500\u002C00 | 0 | 0\u002C00 | 275\u002C00 | 24\u002C08 |" time="0"/>
  <testcase classname="| 3500\u002C00 | 0 | 0\u002C00 | 385\u002C00 | 112\u002C45 |" name="Dado Eu recebo R$ 3500\u002C00 de salario" time="0"/>
  <testcase classname="| 3500\u002C00 | 0 | 0\u002C00 | 385\u002C00 | 112\u002C45 |" name="E Eu possuo 0 dependente" time="0"/>
  <testcase classname="| 3500\u002C00 | 0 | 0\u002C00 | 385\u002C00 | 112\u002C45 |" name="E Eu pago R$ 0\u002C00 de pensao" time="0"/>
  <testcase classname="| 3500\u002C00 | 0 | 0\u002C00 | 385\u002C00 | 112\u002C45 |" name="Entao Eu devo pagar  R$ 385\u002C00 de INSS" time="0"/>
  <testcase classname="| 3500\u002C00 | 0 | 0\u002C00 | 385\u002C00 | 112\u002C45 |" name="E Eu devo pagar R$ 112\u002C45 de IRPF" time="0.001"/>
  <testcase classname="| 3500\u002C00 | 0 | 0\u002C00 | 385\u002C00 | 112\u002C45 |" name="| 3500\u002C00 | 0 | 0\u002C00 | 385\u002C00 | 112\u002C45 |" time="0.001"/>
  <testcase classname="| 4500\u002C00 | 0 | 0\u002C00 | 495\u002C00 | 265\u002C00 |" name="Dado Eu recebo R$ 4500\u002C00 de salario" time="0"/>
  <testcase classname="| 4500\u002C00 | 0 | 0\u002C00 | 495\u002C00 | 265\u002C00 |" name="E Eu possuo 0 dependente" time="0"/>
  <testcase classname="| 4500\u002C00 | 0 | 0\u002C00 | 495\u002C00 | 265\u002C00 |" name="E Eu pago R$ 0\u002C00 de pensao" time="0"/>
  <testcase classname="| 4500\u002C00 | 0 | 0\u002C00 | 495\u002C00 | 265\u002C00 |" name="Entao Eu devo pagar  R$ 495\u002C00 de INSS" time="0.001"/>
  <testcase classname="| 4500\u002C00 | 0 | 0\u002C00 | 495\u002C00 | 265\u002C00 |" name="E Eu devo pagar R$ 265\u002C00 de IRPF" time="0"/>
  <testcase classname="| 4500\u002C00 | 0 | 0\u002C00 | 495\u002C00 | 265\u002C00 |" name="| 4500\u002C00 | 0 | 0\u002C00 | 495\u002C00 | 265\u002C00 |" time="0"/>
  <testcase classname="| 5500\u002C00 | 0 | 0\u002C00 | 513\u002C01 | 502\u002C06 |" name="Dado Eu recebo R$ 5500\u002C00 de salario" time="0"/>
  <testcase classname="| 5500\u002C00 | 0 | 0\u002C00 | 513\u002C01 | 502\u002C06 |" name="E Eu possuo 0 dependente" time="0"/>
  <testcase classname="| 5500\u002C00 | 0 | 0\u002C00 | 513\u002C01 | 502\u002C06 |" name="E Eu pago R$ 0\u002C00 de pensao" time="0"/>
  <testcase classname="| 5500\u002C00 | 0 | 0\u002C00 | 513\u002C01 | 502\u002C06 |" name="Entao Eu devo pagar  R$ 513\u002C01 de INSS" time="0"/>
  <testcase classname="| 5500\u002C00 | 0 | 0\u002C00 | 513\u002C01 | 502\u002C06 |" name="E Eu devo pagar R$ 502\u002C06 de IRPF" time="0"/>
  <testcase classname="| 5500\u002C00 | 0 | 0\u002C00 | 513\u002C01 | 502\u002C06 |" name="| 5500\u002C00 | 0 | 0\u002C00 | 513\u002C01 | 502\u002C06 |" time="0.001"/>
  <testcase classname="Cenario: Base calculo de ate R$ 1903\u002C98" name="Dado Eu recebo R$ 1000\u002C00 de salario" time="0"/>
  <testcase classname="Cenario: Base calculo de ate R$ 1903\u002C98" name="Entao Eu devo pagar R$ 0\u002C00 de imposto" time="0"/>
  <testcase classname="Cenario: Base calculo de ate R$ 1903\u002C98" name="Cenario: Base calculo de ate R$ 1903\u002C98" time="0"/>
  <testcase classname="Cenario: Base calculo entre R$ 1903\u002C99 e R$ 2826\u002C65" name="Dado Eu recebo R$ 2500\u002C00 de salario" time="0"/>
  <testcase classname="Cenario: Base calculo entre R$ 1903\u002C99 e R$ 2826\u002C65" name="Entao Eu devo pagar R$ 24\u002C08 de imposto" time="0"/>
  <testcase classname="Cenario: Base calculo entre R$ 1903\u002C99 e R$ 2826\u002C65" name="Cenario: Base calculo entre R$ 1903\u002C99 e R$ 2826\u002C65" time="0"/>
  <testcase classname="Cenario: Base calculo entre R$ 2826\u002C66 e R$ 3751\u002C05" name="Dado Eu recebo R$ 3500\u002C00 de salario" time="0"/>
  <testcase classname="Cenario: Base calculo entre R$ 2826\u002C66 e R$ 3751\u002C05" name="Entao Eu devo pagar R$ 112\u002C45 de imposto" time="0"/>
  <testcase classname="Cenario: Base calculo entre R$ 2826\u002C66 e R$ 3751\u002C05" name="Cenario: Base calculo entre R$ 2826\u002C66 e R$ 3751\u002C05" time="0"/>
  <testcase classname="Cenario: Base calculo entre R$ 3751\u002C05 e R$ 4664\u002C68" name="Dado Eu recebo R$ 4500\u002C00 de salario" time="0"/>
  <testcase classname="Cenario: Base calculo entre R$ 3751\u002C05 e R$ 4664\u002C68" name="Entao Eu devo pagar R$ 265\u002C00 de imposto" time="0"/>
  <testcase classname="Cenario: Base calculo entre R$ 3751\u002C05 e R$ 4664\u002C68" name="Cenario: Base calculo entre R$ 3751\u002C05 e R$ 4664\u002C68" time="0"/>
  <testcase classname="Cenario: Base calculo a partir de R$ 4664\u002C69" name="Dado Eu recebo R$ 5500\u002C00 de salario" time="0"/>
  <testcase classname="Cenario: Base calculo a partir de R$ 4664\u002C69" name="Entao Eu devo pagar R$ 502\u002C06 de imposto" time="0"/>
  <testcase classname="Cenario: Base calculo a partir de R$ 4664\u002C69" name="Cenario: Base calculo a partir de R$ 4664\u002C69" time="0"/>
</testsuite>